Traced on 2023-12-28 04:55:55
FileAccessForInclusion - 
/home/customer/www/crm.teraleads.com/public_html/include/utils/CommonUtils.php::checkFileAccessForInclusion::388<br>
/home/customer/www/crm.teraleads.com/public_html/modules/SMSNotifier/ext/SMSProvider.php::checkFileAccessForInclusion::18<br>
/home/customer/www/crm.teraleads.com/public_html/modules/SMSNotifier/SMSNotifier.php::getInstance::268<br>
/home/customer/www/crm.teraleads.com/public_html/modules/SMSNotifier/SMSNotifier.php::getActiveProviderInstance::23<br>
/home/customer/www/crm.teraleads.com/public_html/modules/Vtiger/views/MassActionAjax.php::checkServer::354<br>
/home/customer/www/crm.teraleads.com/public_html/includes/runtime/Controller.php::showSendSMSForm::64<br>
/home/customer/www/crm.teraleads.com/public_html/modules/Vtiger/views/MassActionAjax.php::invokeExposedMethod::53<br>
/home/customer/www/crm.teraleads.com/public_html/includes/main/WebUI.php::process::215<br>
/home/customer/www/crm.teraleads.com/public_html/index.php::process::20<br>
Traced on 2023-12-28 04:56:08
FileAccessForInclusion - 
/home/customer/www/crm.teraleads.com/public_html/include/utils/CommonUtils.php::checkFileAccessForInclusion::388<br>
/home/customer/www/crm.teraleads.com/public_html/modules/SMSNotifier/ext/SMSProvider.php::checkFileAccessForInclusion::18<br>
/home/customer/www/crm.teraleads.com/public_html/modules/SMSNotifier/SMSNotifier.php::getInstance::268<br>
/home/customer/www/crm.teraleads.com/public_html/modules/SMSNotifier/SMSNotifier.php::getActiveProviderInstance::23<br>
/home/customer/www/crm.teraleads.com/public_html/modules/Vtiger/views/MassActionAjax.php::checkServer::354<br>
/home/customer/www/crm.teraleads.com/public_html/includes/runtime/Controller.php::showSendSMSForm::64<br>
/home/customer/www/crm.teraleads.com/public_html/modules/Vtiger/views/MassActionAjax.php::invokeExposedMethod::53<br>
/home/customer/www/crm.teraleads.com/public_html/includes/main/WebUI.php::process::215<br>
/home/customer/www/crm.teraleads.com/public_html/index.php::process::20<br>
Traced on 2024-05-22 08:37:37
FileAccessForInclusion - 
/home/customer/www/crm3.teraleads.com/public_html/include/utils/CommonUtils.php::checkFileAccessForInclusion::388<br>
/home/customer/www/crm3.teraleads.com/public_html/includes/Loader.php::checkFileAccessForInclusion::65<br>
/home/customer/www/crm3.teraleads.com/public_html/includes/Loader.php::includeOnce::191<br>
/home/customer/www/crm3.teraleads.com/public_html/includes/main/WebUI.php::vimport::15<br>
/home/customer/www/crm3.teraleads.com/public_html/index.php::include_once::17<br>
Traced on 2024-05-22 08:37:51
FileAccessForInclusion - 
/home/customer/www/crm3.teraleads.com/public_html/include/utils/CommonUtils.php::checkFileAccessForInclusion::388<br>
/home/customer/www/crm3.teraleads.com/public_html/includes/Loader.php::checkFileAccessForInclusion::65<br>
/home/customer/www/crm3.teraleads.com/public_html/includes/Loader.php::includeOnce::191<br>
/home/customer/www/crm3.teraleads.com/public_html/includes/main/WebUI.php::vimport::15<br>
/home/customer/www/crm3.teraleads.com/public_html/index.php::include_once::17<br>
Traced on 2024-05-22 08:38:41
FileAccessForInclusion - 
/home/customer/www/crm3.teraleads.com/public_html/include/utils/CommonUtils.php::checkFileAccessForInclusion::388<br>
/home/customer/www/crm3.teraleads.com/public_html/includes/Loader.php::checkFileAccessForInclusion::65<br>
/home/customer/www/crm3.teraleads.com/public_html/includes/Loader.php::includeOnce::191<br>
/home/customer/www/crm3.teraleads.com/public_html/includes/main/WebUI.php::vimport::15<br>
/home/customer/www/crm3.teraleads.com/public_html/index.php::include_once::17<br>
Traced on 2024-05-22 08:38:44
FileAccessForInclusion - 
/home/customer/www/crm3.teraleads.com/public_html/include/utils/CommonUtils.php::checkFileAccessForInclusion::388<br>
/home/customer/www/crm3.teraleads.com/public_html/includes/Loader.php::checkFileAccessForInclusion::65<br>
/home/customer/www/crm3.teraleads.com/public_html/includes/Loader.php::includeOnce::191<br>
/home/customer/www/crm3.teraleads.com/public_html/includes/main/WebUI.php::vimport::15<br>
/home/customer/www/crm3.teraleads.com/public_html/index.php::include_once::17<br>
Traced on 2024-05-25 07:46:11
FileAccessForInclusion - 
/var/www/teralead/include/utils/CommonUtils.php::checkFileAccessForInclusion::388<br>
/var/www/teralead/includes/Loader.php::checkFileAccessForInclusion::65<br>
/var/www/teralead/includes/Loader.php::includeOnce::191<br>
/var/www/teralead/includes/main/WebUI.php::vimport::15<br>
/var/www/teralead/index.php::include_once::17<br>
Traced on 2024-05-25 07:46:19
FileAccessForInclusion - 
/var/www/teralead/include/utils/CommonUtils.php::checkFileAccessForInclusion::388<br>
/var/www/teralead/includes/Loader.php::checkFileAccessForInclusion::65<br>
/var/www/teralead/includes/Loader.php::includeOnce::191<br>
/var/www/teralead/includes/main/WebUI.php::vimport::15<br>
/var/www/teralead/index.php::include_once::17<br>
Traced on 2024-05-25 07:46:47
FileAccessForInclusion - 
/var/www/teralead/include/utils/CommonUtils.php::checkFileAccessForInclusion::388<br>
/var/www/teralead/includes/Loader.php::checkFileAccessForInclusion::65<br>
/var/www/teralead/includes/Loader.php::includeOnce::191<br>
/var/www/teralead/includes/main/WebUI.php::vimport::15<br>
/var/www/teralead/index.php::include_once::17<br>
Traced on 2024-05-25 07:46:48
FileAccessForInclusion - 
/var/www/teralead/include/utils/CommonUtils.php::checkFileAccessForInclusion::388<br>
/var/www/teralead/includes/Loader.php::checkFileAccessForInclusion::65<br>
/var/www/teralead/includes/Loader.php::includeOnce::191<br>
/var/www/teralead/includes/main/WebUI.php::vimport::15<br>
/var/www/teralead/index.php::include_once::17<br>
Traced on 2024-05-25 07:46:48
FileAccessForInclusion - 
/var/www/teralead/include/utils/CommonUtils.php::checkFileAccessForInclusion::388<br>
/var/www/teralead/includes/Loader.php::checkFileAccessForInclusion::65<br>
/var/www/teralead/includes/Loader.php::includeOnce::191<br>
/var/www/teralead/includes/main/WebUI.php::vimport::15<br>
/var/www/teralead/index.php::include_once::17<br>
Traced on 2024-05-25 07:46:49
FileAccessForInclusion - 
/var/www/teralead/include/utils/CommonUtils.php::checkFileAccessForInclusion::388<br>
/var/www/teralead/includes/Loader.php::checkFileAccessForInclusion::65<br>
/var/www/teralead/includes/Loader.php::includeOnce::191<br>
/var/www/teralead/includes/main/WebUI.php::vimport::15<br>
/var/www/teralead/index.php::include_once::17<br>
Traced on 2024-05-25 07:46:49
FileAccessForInclusion - 
/var/www/teralead/include/utils/CommonUtils.php::checkFileAccessForInclusion::388<br>
/var/www/teralead/includes/Loader.php::checkFileAccessForInclusion::65<br>
/var/www/teralead/includes/Loader.php::includeOnce::191<br>
/var/www/teralead/includes/main/WebUI.php::vimport::15<br>
/var/www/teralead/index.php::include_once::17<br>
Traced on 2024-05-25 07:46:49
FileAccessForInclusion - 
/var/www/teralead/include/utils/CommonUtils.php::checkFileAccessForInclusion::388<br>
/var/www/teralead/includes/Loader.php::checkFileAccessForInclusion::65<br>
/var/www/teralead/includes/Loader.php::includeOnce::191<br>
/var/www/teralead/includes/main/WebUI.php::vimport::15<br>
/var/www/teralead/index.php::include_once::17<br>
Traced on 2024-05-25 07:46:49
FileAccessForInclusion - 
/var/www/teralead/include/utils/CommonUtils.php::checkFileAccessForInclusion::388<br>
/var/www/teralead/includes/Loader.php::checkFileAccessForInclusion::65<br>
/var/www/teralead/includes/Loader.php::includeOnce::191<br>
/var/www/teralead/includes/main/WebUI.php::vimport::15<br>
/var/www/teralead/index.php::include_once::17<br>
Traced on 2024-05-25 07:46:49
FileAccessForInclusion - 
/var/www/teralead/include/utils/CommonUtils.php::checkFileAccessForInclusion::388<br>
/var/www/teralead/includes/Loader.php::checkFileAccessForInclusion::65<br>
/var/www/teralead/includes/Loader.php::includeOnce::191<br>
/var/www/teralead/includes/main/WebUI.php::vimport::15<br>
/var/www/teralead/index.php::include_once::17<br>
Traced on 2024-05-27 05:20:47
FileAccessForInclusion - 
/var/www/teralead/include/utils/CommonUtils.php::checkFileAccessForInclusion::388<br>
/var/www/teralead/includes/Loader.php::checkFileAccessForInclusion::65<br>
/var/www/teralead/includes/Loader.php::includeOnce::191<br>
/var/www/teralead/includes/main/WebUI.php::vimport::15<br>
/var/www/teralead/index.php::include_once::17<br>
Traced on 2024-05-27 05:22:37
FileAccessForInclusion - 
/var/www/teralead/include/utils/CommonUtils.php::checkFileAccessForInclusion::388<br>
/var/www/teralead/includes/Loader.php::checkFileAccessForInclusion::65<br>
/var/www/teralead/includes/Loader.php::includeOnce::191<br>
/var/www/teralead/includes/main/WebUI.php::vimport::15<br>
/var/www/teralead/index.php::include_once::17<br>
Traced on 2024-05-27 05:22:39
FileAccessForInclusion - 
/var/www/teralead/include/utils/CommonUtils.php::checkFileAccessForInclusion::388<br>
/var/www/teralead/includes/Loader.php::checkFileAccessForInclusion::65<br>
/var/www/teralead/includes/Loader.php::includeOnce::191<br>
/var/www/teralead/includes/main/WebUI.php::vimport::15<br>
/var/www/teralead/index.php::include_once::17<br>
Traced on 2024-05-27 05:22:39
FileAccessForInclusion - 
/var/www/teralead/include/utils/CommonUtils.php::checkFileAccessForInclusion::388<br>
/var/www/teralead/includes/Loader.php::checkFileAccessForInclusion::65<br>
/var/www/teralead/includes/Loader.php::includeOnce::191<br>
/var/www/teralead/includes/main/WebUI.php::vimport::15<br>
/var/www/teralead/index.php::include_once::17<br>
Traced on 2024-05-27 05:22:39
FileAccessForInclusion - 
/var/www/teralead/include/utils/CommonUtils.php::checkFileAccessForInclusion::388<br>
/var/www/teralead/includes/Loader.php::checkFileAccessForInclusion::65<br>
/var/www/teralead/includes/Loader.php::includeOnce::191<br>
/var/www/teralead/includes/main/WebUI.php::vimport::15<br>
/var/www/teralead/index.php::include_once::17<br>
Traced on 2024-05-27 05:22:39
FileAccessForInclusion - 
/var/www/teralead/include/utils/CommonUtils.php::checkFileAccessForInclusion::388<br>
/var/www/teralead/includes/Loader.php::checkFileAccessForInclusion::65<br>
/var/www/teralead/includes/Loader.php::includeOnce::191<br>
/var/www/teralead/includes/main/WebUI.php::vimport::15<br>
/var/www/teralead/index.php::include_once::17<br>
Traced on 2024-05-27 05:22:39
FileAccessForInclusion - 
/var/www/teralead/include/utils/CommonUtils.php::checkFileAccessForInclusion::388<br>
/var/www/teralead/includes/Loader.php::checkFileAccessForInclusion::65<br>
/var/www/teralead/includes/Loader.php::includeOnce::191<br>
/var/www/teralead/includes/main/WebUI.php::vimport::15<br>
/var/www/teralead/index.php::include_once::17<br>
Traced on 2024-05-27 05:22:40
FileAccessForInclusion - 
/var/www/teralead/include/utils/CommonUtils.php::checkFileAccessForInclusion::388<br>
/var/www/teralead/includes/Loader.php::checkFileAccessForInclusion::65<br>
/var/www/teralead/includes/Loader.php::includeOnce::191<br>
/var/www/teralead/includes/main/WebUI.php::vimport::15<br>
/var/www/teralead/index.php::include_once::17<br>
Traced on 2024-05-27 05:22:40
FileAccessForInclusion - 
/var/www/teralead/include/utils/CommonUtils.php::checkFileAccessForInclusion::388<br>
/var/www/teralead/includes/Loader.php::checkFileAccessForInclusion::65<br>
/var/www/teralead/includes/Loader.php::includeOnce::191<br>
/var/www/teralead/includes/main/WebUI.php::vimport::15<br>
/var/www/teralead/index.php::include_once::17<br>
Traced on 2024-05-27 05:23:13
FileAccessForInclusion - 
/var/www/teralead/include/utils/CommonUtils.php::checkFileAccessForInclusion::388<br>
/var/www/teralead/includes/Loader.php::checkFileAccessForInclusion::65<br>
/var/www/teralead/includes/Loader.php::includeOnce::191<br>
/var/www/teralead/includes/main/WebUI.php::vimport::15<br>
/var/www/teralead/index.php::include_once::17<br>
Traced on 2024-05-27 05:23:13
FileAccessForInclusion - 
/var/www/teralead/include/utils/CommonUtils.php::checkFileAccessForInclusion::388<br>
/var/www/teralead/includes/Loader.php::checkFileAccessForInclusion::65<br>
/var/www/teralead/includes/Loader.php::includeOnce::191<br>
/var/www/teralead/includes/main/WebUI.php::vimport::15<br>
/var/www/teralead/index.php::include_once::17<br>
Traced on 2024-05-27 05:23:13
FileAccessForInclusion - 
/var/www/teralead/include/utils/CommonUtils.php::checkFileAccessForInclusion::388<br>
/var/www/teralead/includes/Loader.php::checkFileAccessForInclusion::65<br>
/var/www/teralead/includes/Loader.php::includeOnce::191<br>
/var/www/teralead/includes/main/WebUI.php::vimport::15<br>
/var/www/teralead/index.php::include_once::17<br>
Traced on 2024-05-27 05:23:13
FileAccessForInclusion - 
/var/www/teralead/include/utils/CommonUtils.php::checkFileAccessForInclusion::388<br>
/var/www/teralead/includes/Loader.php::checkFileAccessForInclusion::65<br>
/var/www/teralead/includes/Loader.php::includeOnce::191<br>
/var/www/teralead/includes/main/WebUI.php::vimport::15<br>
/var/www/teralead/index.php::include_once::17<br>
Traced on 2024-05-27 05:23:15
FileAccessForInclusion - 
/var/www/teralead/include/utils/CommonUtils.php::checkFileAccessForInclusion::388<br>
/var/www/teralead/includes/Loader.php::checkFileAccessForInclusion::65<br>
/var/www/teralead/includes/Loader.php::includeOnce::191<br>
/var/www/teralead/includes/main/WebUI.php::vimport::15<br>
/var/www/teralead/index.php::include_once::17<br>
Traced on 2024-05-27 05:23:15
FileAccessForInclusion - 
/var/www/teralead/include/utils/CommonUtils.php::checkFileAccessForInclusion::388<br>
/var/www/teralead/includes/Loader.php::checkFileAccessForInclusion::65<br>
/var/www/teralead/includes/Loader.php::includeOnce::191<br>
/var/www/teralead/includes/main/WebUI.php::vimport::15<br>
/var/www/teralead/index.php::include_once::17<br>
Traced on 2024-05-27 05:23:15
FileAccessForInclusion - 
/var/www/teralead/include/utils/CommonUtils.php::checkFileAccessForInclusion::388<br>
/var/www/teralead/includes/Loader.php::checkFileAccessForInclusion::65<br>
/var/www/teralead/includes/Loader.php::includeOnce::191<br>
/var/www/teralead/includes/main/WebUI.php::vimport::15<br>
/var/www/teralead/index.php::include_once::17<br>
Traced on 2024-05-27 05:23:15
FileAccessForInclusion - 
/var/www/teralead/include/utils/CommonUtils.php::checkFileAccessForInclusion::388<br>
/var/www/teralead/includes/Loader.php::checkFileAccessForInclusion::65<br>
/var/www/teralead/includes/Loader.php::includeOnce::191<br>
/var/www/teralead/includes/main/WebUI.php::vimport::15<br>
/var/www/teralead/index.php::include_once::17<br>
Traced on 2024-05-27 05:23:15
FileAccessForInclusion - 
/var/www/teralead/include/utils/CommonUtils.php::checkFileAccessForInclusion::388<br>
/var/www/teralead/includes/Loader.php::checkFileAccessForInclusion::65<br>
/var/www/teralead/includes/Loader.php::includeOnce::191<br>
/var/www/teralead/includes/main/WebUI.php::vimport::15<br>
/var/www/teralead/index.php::include_once::17<br>
Traced on 2024-05-27 05:23:16
FileAccessForInclusion - 
/var/www/teralead/include/utils/CommonUtils.php::checkFileAccessForInclusion::388<br>
/var/www/teralead/includes/Loader.php::checkFileAccessForInclusion::65<br>
/var/www/teralead/includes/Loader.php::includeOnce::191<br>
/var/www/teralead/includes/main/WebUI.php::vimport::15<br>
/var/www/teralead/index.php::include_once::17<br>
Traced on 2024-05-27 05:23:16
FileAccessForInclusion - 
/var/www/teralead/include/utils/CommonUtils.php::checkFileAccessForInclusion::388<br>
/var/www/teralead/includes/Loader.php::checkFileAccessForInclusion::65<br>
/var/www/teralead/includes/Loader.php::includeOnce::191<br>
/var/www/teralead/includes/main/WebUI.php::vimport::15<br>
/var/www/teralead/index.php::include_once::17<br>
Traced on 2024-05-27 05:23:16
FileAccessForInclusion - 
/var/www/teralead/include/utils/CommonUtils.php::checkFileAccessForInclusion::388<br>
/var/www/teralead/includes/Loader.php::checkFileAccessForInclusion::65<br>
/var/www/teralead/includes/Loader.php::includeOnce::191<br>
/var/www/teralead/includes/main/WebUI.php::vimport::15<br>
/var/www/teralead/index.php::include_once::17<br>
Traced on 2024-05-27 05:23:16
FileAccessForInclusion - 
/var/www/teralead/include/utils/CommonUtils.php::checkFileAccessForInclusion::388<br>
/var/www/teralead/includes/Loader.php::checkFileAccessForInclusion::65<br>
/var/www/teralead/includes/Loader.php::includeOnce::191<br>
/var/www/teralead/includes/main/WebUI.php::vimport::15<br>
/var/www/teralead/index.php::include_once::17<br>
Traced on 2024-05-27 05:23:17
FileAccessForInclusion - 
/var/www/teralead/include/utils/CommonUtils.php::checkFileAccessForInclusion::388<br>
/var/www/teralead/includes/Loader.php::checkFileAccessForInclusion::65<br>
/var/www/teralead/includes/Loader.php::includeOnce::191<br>
/var/www/teralead/includes/main/WebUI.php::vimport::15<br>
/var/www/teralead/index.php::include_once::17<br>
Traced on 2024-05-27 05:23:17
FileAccessForInclusion - 
/var/www/teralead/include/utils/CommonUtils.php::checkFileAccessForInclusion::388<br>
/var/www/teralead/includes/Loader.php::checkFileAccessForInclusion::65<br>
/var/www/teralead/includes/Loader.php::includeOnce::191<br>
/var/www/teralead/includes/main/WebUI.php::vimport::15<br>
/var/www/teralead/index.php::include_once::17<br>
Traced on 2024-05-27 05:23:17
FileAccessForInclusion - 
/var/www/teralead/include/utils/CommonUtils.php::checkFileAccessForInclusion::388<br>
/var/www/teralead/includes/Loader.php::checkFileAccessForInclusion::65<br>
/var/www/teralead/includes/Loader.php::includeOnce::191<br>
/var/www/teralead/includes/main/WebUI.php::vimport::15<br>
/var/www/teralead/index.php::include_once::17<br>
Traced on 2024-05-27 05:23:17
FileAccessForInclusion - 
/var/www/teralead/include/utils/CommonUtils.php::checkFileAccessForInclusion::388<br>
/var/www/teralead/includes/Loader.php::checkFileAccessForInclusion::65<br>
/var/www/teralead/includes/Loader.php::includeOnce::191<br>
/var/www/teralead/includes/main/WebUI.php::vimport::15<br>
/var/www/teralead/index.php::include_once::17<br>
Traced on 2024-05-27 05:23:17
FileAccessForInclusion - 
/var/www/teralead/include/utils/CommonUtils.php::checkFileAccessForInclusion::388<br>
/var/www/teralead/includes/Loader.php::checkFileAccessForInclusion::65<br>
/var/www/teralead/includes/Loader.php::includeOnce::191<br>
/var/www/teralead/includes/main/WebUI.php::vimport::15<br>
/var/www/teralead/index.php::include_once::17<br>
Traced on 2024-05-27 05:24:22
FileAccessForInclusion - 
/var/www/teralead/include/utils/CommonUtils.php::checkFileAccessForInclusion::388<br>
/var/www/teralead/includes/Loader.php::checkFileAccessForInclusion::65<br>
/var/www/teralead/includes/Loader.php::includeOnce::191<br>
/var/www/teralead/includes/main/WebUI.php::vimport::15<br>
/var/www/teralead/index.php::include_once::17<br>
Traced on 2024-05-27 05:24:23
FileAccessForInclusion - 
/var/www/teralead/include/utils/CommonUtils.php::checkFileAccessForInclusion::388<br>
/var/www/teralead/includes/Loader.php::checkFileAccessForInclusion::65<br>
/var/www/teralead/includes/Loader.php::includeOnce::191<br>
/var/www/teralead/includes/main/WebUI.php::vimport::15<br>
/var/www/teralead/index.php::include_once::17<br>
Traced on 2024-05-27 05:24:23
FileAccessForInclusion - 
/var/www/teralead/include/utils/CommonUtils.php::checkFileAccessForInclusion::388<br>
/var/www/teralead/includes/Loader.php::checkFileAccessForInclusion::65<br>
/var/www/teralead/includes/Loader.php::includeOnce::191<br>
/var/www/teralead/includes/main/WebUI.php::vimport::15<br>
/var/www/teralead/index.php::include_once::17<br>
Traced on 2024-05-27 05:24:23
FileAccessForInclusion - 
/var/www/teralead/include/utils/CommonUtils.php::checkFileAccessForInclusion::388<br>
/var/www/teralead/includes/Loader.php::checkFileAccessForInclusion::65<br>
/var/www/teralead/includes/Loader.php::includeOnce::191<br>
/var/www/teralead/includes/main/WebUI.php::vimport::15<br>
/var/www/teralead/index.php::include_once::17<br>
Traced on 2024-05-27 05:24:24
FileAccessForInclusion - 
/var/www/teralead/include/utils/CommonUtils.php::checkFileAccessForInclusion::388<br>
/var/www/teralead/includes/Loader.php::checkFileAccessForInclusion::65<br>
/var/www/teralead/includes/Loader.php::includeOnce::191<br>
/var/www/teralead/includes/main/WebUI.php::vimport::15<br>
/var/www/teralead/index.php::include_once::17<br>
Traced on 2024-05-27 05:24:24
FileAccessForInclusion - 
/var/www/teralead/include/utils/CommonUtils.php::checkFileAccessForInclusion::388<br>
/var/www/teralead/includes/Loader.php::checkFileAccessForInclusion::65<br>
/var/www/teralead/includes/Loader.php::includeOnce::191<br>
/var/www/teralead/includes/main/WebUI.php::vimport::15<br>
/var/www/teralead/index.php::include_once::17<br>
Traced on 2024-05-27 05:24:24
FileAccessForInclusion - 
/var/www/teralead/include/utils/CommonUtils.php::checkFileAccessForInclusion::388<br>
/var/www/teralead/includes/Loader.php::checkFileAccessForInclusion::65<br>
/var/www/teralead/includes/Loader.php::includeOnce::191<br>
/var/www/teralead/includes/main/WebUI.php::vimport::15<br>
/var/www/teralead/index.php::include_once::17<br>
Traced on 2024-05-27 05:24:24
FileAccessForInclusion - 
/var/www/teralead/include/utils/CommonUtils.php::checkFileAccessForInclusion::388<br>
/var/www/teralead/includes/Loader.php::checkFileAccessForInclusion::65<br>
/var/www/teralead/includes/Loader.php::includeOnce::191<br>
/var/www/teralead/includes/main/WebUI.php::vimport::15<br>
/var/www/teralead/index.php::include_once::17<br>
Traced on 2024-05-27 05:24:24
FileAccessForInclusion - 
/var/www/teralead/include/utils/CommonUtils.php::checkFileAccessForInclusion::388<br>
/var/www/teralead/includes/Loader.php::checkFileAccessForInclusion::65<br>
/var/www/teralead/includes/Loader.php::includeOnce::191<br>
/var/www/teralead/includes/main/WebUI.php::vimport::15<br>
/var/www/teralead/index.php::include_once::17<br>
Traced on 2024-05-27 05:24:25
FileAccessForInclusion - 
/var/www/teralead/include/utils/CommonUtils.php::checkFileAccessForInclusion::388<br>
/var/www/teralead/includes/Loader.php::checkFileAccessForInclusion::65<br>
/var/www/teralead/includes/Loader.php::includeOnce::191<br>
/var/www/teralead/includes/main/WebUI.php::vimport::15<br>
/var/www/teralead/index.php::include_once::17<br>
Traced on 2024-05-27 05:24:25
FileAccessForInclusion - 
/var/www/teralead/include/utils/CommonUtils.php::checkFileAccessForInclusion::388<br>
/var/www/teralead/includes/Loader.php::checkFileAccessForInclusion::65<br>
/var/www/teralead/includes/Loader.php::includeOnce::191<br>
/var/www/teralead/includes/main/WebUI.php::vimport::15<br>
/var/www/teralead/index.php::include_once::17<br>
Traced on 2024-05-27 05:24:32
FileAccessForInclusion - 
/var/www/teralead/include/utils/CommonUtils.php::checkFileAccessForInclusion::388<br>
/var/www/teralead/includes/Loader.php::checkFileAccessForInclusion::65<br>
/var/www/teralead/includes/Loader.php::includeOnce::191<br>
/var/www/teralead/includes/main/WebUI.php::vimport::15<br>
/var/www/teralead/index.php::include_once::17<br>
Traced on 2024-05-27 05:24:33
FileAccessForInclusion - 
/var/www/teralead/include/utils/CommonUtils.php::checkFileAccessForInclusion::388<br>
/var/www/teralead/includes/Loader.php::checkFileAccessForInclusion::65<br>
/var/www/teralead/includes/Loader.php::includeOnce::191<br>
/var/www/teralead/includes/main/WebUI.php::vimport::15<br>
/var/www/teralead/index.php::include_once::17<br>
Traced on 2024-05-27 05:24:33
FileAccessForInclusion - 
/var/www/teralead/include/utils/CommonUtils.php::checkFileAccessForInclusion::388<br>
/var/www/teralead/includes/Loader.php::checkFileAccessForInclusion::65<br>
/var/www/teralead/includes/Loader.php::includeOnce::191<br>
/var/www/teralead/includes/main/WebUI.php::vimport::15<br>
/var/www/teralead/index.php::include_once::17<br>
Traced on 2024-05-27 05:24:33
FileAccessForInclusion - 
/var/www/teralead/include/utils/CommonUtils.php::checkFileAccessForInclusion::388<br>
/var/www/teralead/includes/Loader.php::checkFileAccessForInclusion::65<br>
/var/www/teralead/includes/Loader.php::includeOnce::191<br>
/var/www/teralead/includes/main/WebUI.php::vimport::15<br>
/var/www/teralead/index.php::include_once::17<br>
Traced on 2024-05-27 05:24:34
FileAccessForInclusion - 
/var/www/teralead/include/utils/CommonUtils.php::checkFileAccessForInclusion::388<br>
/var/www/teralead/includes/Loader.php::checkFileAccessForInclusion::65<br>
/var/www/teralead/includes/Loader.php::includeOnce::191<br>
/var/www/teralead/includes/main/WebUI.php::vimport::15<br>
/var/www/teralead/index.php::include_once::17<br>
Traced on 2024-05-27 05:24:55
FileAccessForInclusion - 
/var/www/teralead/include/utils/CommonUtils.php::checkFileAccessForInclusion::388<br>
/var/www/teralead/includes/Loader.php::checkFileAccessForInclusion::65<br>
/var/www/teralead/includes/Loader.php::includeOnce::191<br>
/var/www/teralead/includes/main/WebUI.php::vimport::15<br>
/var/www/teralead/index.php::include_once::17<br>
Traced on 2024-05-27 05:25:30
FileAccessForInclusion - 
/var/www/teralead/include/utils/CommonUtils.php::checkFileAccessForInclusion::388<br>
/var/www/teralead/includes/Loader.php::checkFileAccessForInclusion::65<br>
/var/www/teralead/includes/Loader.php::includeOnce::191<br>
/var/www/teralead/includes/main/WebUI.php::vimport::15<br>
/var/www/teralead/index.php::include_once::17<br>
Traced on 2024-05-27 05:26:44
FileAccessForInclusion - 
/var/www/teralead/include/utils/CommonUtils.php::checkFileAccessForInclusion::388<br>
/var/www/teralead/includes/Loader.php::checkFileAccessForInclusion::65<br>
/var/www/teralead/includes/Loader.php::includeOnce::191<br>
/var/www/teralead/includes/main/WebUI.php::vimport::15<br>
/var/www/teralead/index.php::include_once::17<br>
Traced on 2024-05-27 05:27:32
FileAccessForInclusion - 
/var/www/teralead/include/utils/CommonUtils.php::checkFileAccessForInclusion::388<br>
/var/www/teralead/includes/Loader.php::checkFileAccessForInclusion::65<br>
/var/www/teralead/includes/Loader.php::includeOnce::191<br>
/var/www/teralead/includes/main/WebUI.php::vimport::15<br>
/var/www/teralead/index.php::include_once::17<br>
Traced on 2024-05-27 05:28:13
FileAccessForInclusion - 
/var/www/teralead/include/utils/CommonUtils.php::checkFileAccessForInclusion::388<br>
/var/www/teralead/includes/Loader.php::checkFileAccessForInclusion::65<br>
/var/www/teralead/includes/Loader.php::includeOnce::191<br>
/var/www/teralead/includes/main/WebUI.php::vimport::15<br>
/var/www/teralead/index.php::include_once::17<br>
Traced on 2024-05-27 05:28:13
FileAccessForInclusion - 
/var/www/teralead/include/utils/CommonUtils.php::checkFileAccessForInclusion::388<br>
/var/www/teralead/includes/Loader.php::checkFileAccessForInclusion::65<br>
/var/www/teralead/includes/Loader.php::includeOnce::191<br>
/var/www/teralead/includes/main/WebUI.php::vimport::15<br>
/var/www/teralead/index.php::include_once::17<br>
Traced on 2024-05-27 05:28:13
FileAccessForInclusion - 
/var/www/teralead/include/utils/CommonUtils.php::checkFileAccessForInclusion::388<br>
/var/www/teralead/includes/Loader.php::checkFileAccessForInclusion::65<br>
/var/www/teralead/includes/Loader.php::includeOnce::191<br>
/var/www/teralead/includes/main/WebUI.php::vimport::15<br>
/var/www/teralead/index.php::include_once::17<br>
Traced on 2024-05-27 05:28:14
FileAccessForInclusion - 
/var/www/teralead/include/utils/CommonUtils.php::checkFileAccessForInclusion::388<br>
/var/www/teralead/includes/Loader.php::checkFileAccessForInclusion::65<br>
/var/www/teralead/includes/Loader.php::includeOnce::191<br>
/var/www/teralead/includes/main/WebUI.php::vimport::15<br>
/var/www/teralead/index.php::include_once::17<br>
Traced on 2024-05-27 05:28:14
FileAccessForInclusion - 
/var/www/teralead/include/utils/CommonUtils.php::checkFileAccessForInclusion::388<br>
/var/www/teralead/includes/Loader.php::checkFileAccessForInclusion::65<br>
/var/www/teralead/includes/Loader.php::includeOnce::191<br>
/var/www/teralead/includes/main/WebUI.php::vimport::15<br>
/var/www/teralead/index.php::include_once::17<br>
Traced on 2024-05-27 05:29:24
FileAccessForInclusion - 
/var/www/teralead/include/utils/CommonUtils.php::checkFileAccessForInclusion::388<br>
/var/www/teralead/includes/Loader.php::checkFileAccessForInclusion::65<br>
/var/www/teralead/includes/Loader.php::includeOnce::191<br>
/var/www/teralead/includes/main/WebUI.php::vimport::15<br>
/var/www/teralead/index.php::include_once::17<br>
Traced on 2024-05-27 05:29:26
FileAccessForInclusion - 
/var/www/teralead/include/utils/CommonUtils.php::checkFileAccessForInclusion::388<br>
/var/www/teralead/includes/Loader.php::checkFileAccessForInclusion::65<br>
/var/www/teralead/includes/Loader.php::includeOnce::191<br>
/var/www/teralead/includes/main/WebUI.php::vimport::15<br>
/var/www/teralead/index.php::include_once::17<br>
Traced on 2024-05-27 05:29:26
FileAccessForInclusion - 
/var/www/teralead/include/utils/CommonUtils.php::checkFileAccessForInclusion::388<br>
/var/www/teralead/includes/Loader.php::checkFileAccessForInclusion::65<br>
/var/www/teralead/includes/Loader.php::includeOnce::191<br>
/var/www/teralead/includes/main/WebUI.php::vimport::15<br>
/var/www/teralead/index.php::include_once::17<br>
Traced on 2024-05-27 05:29:26
FileAccessForInclusion - 
/var/www/teralead/include/utils/CommonUtils.php::checkFileAccessForInclusion::388<br>
/var/www/teralead/includes/Loader.php::checkFileAccessForInclusion::65<br>
/var/www/teralead/includes/Loader.php::includeOnce::191<br>
/var/www/teralead/includes/main/WebUI.php::vimport::15<br>
/var/www/teralead/index.php::include_once::17<br>
Traced on 2024-05-27 05:29:27
FileAccessForInclusion - 
/var/www/teralead/include/utils/CommonUtils.php::checkFileAccessForInclusion::388<br>
/var/www/teralead/includes/Loader.php::checkFileAccessForInclusion::65<br>
/var/www/teralead/includes/Loader.php::includeOnce::191<br>
/var/www/teralead/includes/main/WebUI.php::vimport::15<br>
/var/www/teralead/index.php::include_once::17<br>
Traced on 2024-05-27 05:29:27
FileAccessForInclusion - 
/var/www/teralead/include/utils/CommonUtils.php::checkFileAccessForInclusion::388<br>
/var/www/teralead/includes/Loader.php::checkFileAccessForInclusion::65<br>
/var/www/teralead/includes/Loader.php::includeOnce::191<br>
/var/www/teralead/includes/main/WebUI.php::vimport::15<br>
/var/www/teralead/index.php::include_once::17<br>
Traced on 2024-05-27 05:29:27
FileAccessForInclusion - 
/var/www/teralead/include/utils/CommonUtils.php::checkFileAccessForInclusion::388<br>
/var/www/teralead/includes/Loader.php::checkFileAccessForInclusion::65<br>
/var/www/teralead/includes/Loader.php::includeOnce::191<br>
/var/www/teralead/includes/main/WebUI.php::vimport::15<br>
/var/www/teralead/index.php::include_once::17<br>
Traced on 2024-05-27 05:29:27
FileAccessForInclusion - 
/var/www/teralead/include/utils/CommonUtils.php::checkFileAccessForInclusion::388<br>
/var/www/teralead/includes/Loader.php::checkFileAccessForInclusion::65<br>
/var/www/teralead/includes/Loader.php::includeOnce::191<br>
/var/www/teralead/includes/main/WebUI.php::vimport::15<br>
/var/www/teralead/index.php::include_once::17<br>
Traced on 2024-05-27 05:29:27
FileAccessForInclusion - 
/var/www/teralead/include/utils/CommonUtils.php::checkFileAccessForInclusion::388<br>
/var/www/teralead/includes/Loader.php::checkFileAccessForInclusion::65<br>
/var/www/teralead/includes/Loader.php::includeOnce::191<br>
/var/www/teralead/includes/main/WebUI.php::vimport::15<br>
/var/www/teralead/index.php::include_once::17<br>
Traced on 2024-05-27 05:29:27
FileAccessForInclusion - 
/var/www/teralead/include/utils/CommonUtils.php::checkFileAccessForInclusion::388<br>
/var/www/teralead/includes/Loader.php::checkFileAccessForInclusion::65<br>
/var/www/teralead/includes/Loader.php::includeOnce::191<br>
/var/www/teralead/includes/main/WebUI.php::vimport::15<br>
/var/www/teralead/index.php::include_once::17<br>
Traced on 2024-05-27 05:30:20
FileAccessForInclusion - 
/var/www/teralead/include/utils/CommonUtils.php::checkFileAccessForInclusion::388<br>
/var/www/teralead/includes/Loader.php::checkFileAccessForInclusion::65<br>
/var/www/teralead/includes/Loader.php::includeOnce::191<br>
/var/www/teralead/includes/main/WebUI.php::vimport::15<br>
/var/www/teralead/index.php::include_once::17<br>
Traced on 2024-05-27 05:33:02
FileAccessForInclusion - 
/var/www/teralead/include/utils/CommonUtils.php::checkFileAccessForInclusion::388<br>
/var/www/teralead/includes/Loader.php::checkFileAccessForInclusion::65<br>
/var/www/teralead/includes/Loader.php::includeOnce::191<br>
/var/www/teralead/includes/main/WebUI.php::vimport::15<br>
/var/www/teralead/index.php::include_once::17<br>
Traced on 2024-05-27 05:33:03
FileAccessForInclusion - 
/var/www/teralead/include/utils/CommonUtils.php::checkFileAccessForInclusion::388<br>
/var/www/teralead/includes/Loader.php::checkFileAccessForInclusion::65<br>
/var/www/teralead/includes/Loader.php::includeOnce::191<br>
/var/www/teralead/includes/main/WebUI.php::vimport::15<br>
/var/www/teralead/index.php::include_once::17<br>
Traced on 2024-05-27 05:33:03
FileAccessForInclusion - 
/var/www/teralead/include/utils/CommonUtils.php::checkFileAccessForInclusion::388<br>
/var/www/teralead/includes/Loader.php::checkFileAccessForInclusion::65<br>
/var/www/teralead/includes/Loader.php::includeOnce::191<br>
/var/www/teralead/includes/main/WebUI.php::vimport::15<br>
/var/www/teralead/index.php::include_once::17<br>
Traced on 2024-05-27 05:33:03
FileAccessForInclusion - 
/var/www/teralead/include/utils/CommonUtils.php::checkFileAccessForInclusion::388<br>
/var/www/teralead/includes/Loader.php::checkFileAccessForInclusion::65<br>
/var/www/teralead/includes/Loader.php::includeOnce::191<br>
/var/www/teralead/includes/main/WebUI.php::vimport::15<br>
/var/www/teralead/index.php::include_once::17<br>
Traced on 2024-05-27 05:33:03
FileAccessForInclusion - 
/var/www/teralead/include/utils/CommonUtils.php::checkFileAccessForInclusion::388<br>
/var/www/teralead/includes/Loader.php::checkFileAccessForInclusion::65<br>
/var/www/teralead/includes/Loader.php::includeOnce::191<br>
/var/www/teralead/includes/main/WebUI.php::vimport::15<br>
/var/www/teralead/index.php::include_once::17<br>
Traced on 2024-05-27 05:33:03
FileAccessForInclusion - 
/var/www/teralead/include/utils/CommonUtils.php::checkFileAccessForInclusion::388<br>
/var/www/teralead/includes/Loader.php::checkFileAccessForInclusion::65<br>
/var/www/teralead/includes/Loader.php::includeOnce::191<br>
/var/www/teralead/includes/main/WebUI.php::vimport::15<br>
/var/www/teralead/index.php::include_once::17<br>
Traced on 2024-05-27 05:33:04
FileAccessForInclusion - 
/var/www/teralead/include/utils/CommonUtils.php::checkFileAccessForInclusion::388<br>
/var/www/teralead/includes/Loader.php::checkFileAccessForInclusion::65<br>
/var/www/teralead/includes/Loader.php::includeOnce::191<br>
/var/www/teralead/includes/main/WebUI.php::vimport::15<br>
/var/www/teralead/index.php::include_once::17<br>
Traced on 2024-05-27 05:33:04
FileAccessForInclusion - 
/var/www/teralead/include/utils/CommonUtils.php::checkFileAccessForInclusion::388<br>
/var/www/teralead/includes/Loader.php::checkFileAccessForInclusion::65<br>
/var/www/teralead/includes/Loader.php::includeOnce::191<br>
/var/www/teralead/includes/main/WebUI.php::vimport::15<br>
/var/www/teralead/index.php::include_once::17<br>
Traced on 2024-05-27 05:33:04
FileAccessForInclusion - 
/var/www/teralead/include/utils/CommonUtils.php::checkFileAccessForInclusion::388<br>
/var/www/teralead/includes/Loader.php::checkFileAccessForInclusion::65<br>
/var/www/teralead/includes/Loader.php::includeOnce::191<br>
/var/www/teralead/includes/main/WebUI.php::vimport::15<br>
/var/www/teralead/index.php::include_once::17<br>
Traced on 2024-05-27 05:33:04
FileAccessForInclusion - 
/var/www/teralead/include/utils/CommonUtils.php::checkFileAccessForInclusion::388<br>
/var/www/teralead/includes/Loader.php::checkFileAccessForInclusion::65<br>
/var/www/teralead/includes/Loader.php::includeOnce::191<br>
/var/www/teralead/includes/main/WebUI.php::vimport::15<br>
/var/www/teralead/index.php::include_once::17<br>
Traced on 2024-05-27 05:33:04
FileAccessForInclusion - 
/var/www/teralead/include/utils/CommonUtils.php::checkFileAccessForInclusion::388<br>
/var/www/teralead/includes/Loader.php::checkFileAccessForInclusion::65<br>
/var/www/teralead/includes/Loader.php::includeOnce::191<br>
/var/www/teralead/includes/main/WebUI.php::vimport::15<br>
/var/www/teralead/index.php::include_once::17<br>
Traced on 2024-05-27 05:33:05
FileAccessForInclusion - 
/var/www/teralead/include/utils/CommonUtils.php::checkFileAccessForInclusion::388<br>
/var/www/teralead/includes/Loader.php::checkFileAccessForInclusion::65<br>
/var/www/teralead/includes/Loader.php::includeOnce::191<br>
/var/www/teralead/includes/main/WebUI.php::vimport::15<br>
/var/www/teralead/index.php::include_once::17<br>
Traced on 2024-05-27 05:34:10
FileAccessForInclusion - 
/var/www/teralead/include/utils/CommonUtils.php::checkFileAccessForInclusion::388<br>
/var/www/teralead/includes/Loader.php::checkFileAccessForInclusion::65<br>
/var/www/teralead/includes/Loader.php::includeOnce::191<br>
/var/www/teralead/includes/main/WebUI.php::vimport::15<br>
/var/www/teralead/index.php::include_once::17<br>
Traced on 2024-05-27 05:34:11
FileAccessForInclusion - 
/var/www/teralead/include/utils/CommonUtils.php::checkFileAccessForInclusion::388<br>
/var/www/teralead/includes/Loader.php::checkFileAccessForInclusion::65<br>
/var/www/teralead/includes/Loader.php::includeOnce::191<br>
/var/www/teralead/includes/main/WebUI.php::vimport::15<br>
/var/www/teralead/index.php::include_once::17<br>
Traced on 2024-05-27 05:34:11
FileAccessForInclusion - 
/var/www/teralead/include/utils/CommonUtils.php::checkFileAccessForInclusion::388<br>
/var/www/teralead/includes/Loader.php::checkFileAccessForInclusion::65<br>
/var/www/teralead/includes/Loader.php::includeOnce::191<br>
/var/www/teralead/includes/main/WebUI.php::vimport::15<br>
/var/www/teralead/index.php::include_once::17<br>
Traced on 2024-05-27 05:34:11
FileAccessForInclusion - 
/var/www/teralead/include/utils/CommonUtils.php::checkFileAccessForInclusion::388<br>
/var/www/teralead/includes/Loader.php::checkFileAccessForInclusion::65<br>
/var/www/teralead/includes/Loader.php::includeOnce::191<br>
/var/www/teralead/includes/main/WebUI.php::vimport::15<br>
/var/www/teralead/index.php::include_once::17<br>
Traced on 2024-05-27 05:34:12
FileAccessForInclusion - 
/var/www/teralead/include/utils/CommonUtils.php::checkFileAccessForInclusion::388<br>
/var/www/teralead/includes/Loader.php::checkFileAccessForInclusion::65<br>
/var/www/teralead/includes/Loader.php::includeOnce::191<br>
/var/www/teralead/includes/main/WebUI.php::vimport::15<br>
/var/www/teralead/index.php::include_once::17<br>
Traced on 2024-05-27 05:34:12
FileAccessForInclusion - 
/var/www/teralead/include/utils/CommonUtils.php::checkFileAccessForInclusion::388<br>
/var/www/teralead/includes/Loader.php::checkFileAccessForInclusion::65<br>
/var/www/teralead/includes/Loader.php::includeOnce::191<br>
/var/www/teralead/includes/main/WebUI.php::vimport::15<br>
/var/www/teralead/index.php::include_once::17<br>
Traced on 2024-05-27 05:34:12
FileAccessForInclusion - 
/var/www/teralead/include/utils/CommonUtils.php::checkFileAccessForInclusion::388<br>
/var/www/teralead/includes/Loader.php::checkFileAccessForInclusion::65<br>
/var/www/teralead/includes/Loader.php::includeOnce::191<br>
/var/www/teralead/includes/main/WebUI.php::vimport::15<br>
/var/www/teralead/index.php::include_once::17<br>
Traced on 2024-05-27 05:34:12
FileAccessForInclusion - 
/var/www/teralead/include/utils/CommonUtils.php::checkFileAccessForInclusion::388<br>
/var/www/teralead/includes/Loader.php::checkFileAccessForInclusion::65<br>
/var/www/teralead/includes/Loader.php::includeOnce::191<br>
/var/www/teralead/includes/main/WebUI.php::vimport::15<br>
/var/www/teralead/index.php::include_once::17<br>
Traced on 2024-05-27 05:34:12
FileAccessForInclusion - 
/var/www/teralead/include/utils/CommonUtils.php::checkFileAccessForInclusion::388<br>
/var/www/teralead/includes/Loader.php::checkFileAccessForInclusion::65<br>
/var/www/teralead/includes/Loader.php::includeOnce::191<br>
/var/www/teralead/includes/main/WebUI.php::vimport::15<br>
/var/www/teralead/index.php::include_once::17<br>
Traced on 2024-05-27 05:34:12
FileAccessForInclusion - 
/var/www/teralead/include/utils/CommonUtils.php::checkFileAccessForInclusion::388<br>
/var/www/teralead/includes/Loader.php::checkFileAccessForInclusion::65<br>
/var/www/teralead/includes/Loader.php::includeOnce::191<br>
/var/www/teralead/includes/main/WebUI.php::vimport::15<br>
/var/www/teralead/index.php::include_once::17<br>
Traced on 2024-05-27 05:34:13
FileAccessForInclusion - 
/var/www/teralead/include/utils/CommonUtils.php::checkFileAccessForInclusion::388<br>
/var/www/teralead/includes/Loader.php::checkFileAccessForInclusion::65<br>
/var/www/teralead/includes/Loader.php::includeOnce::191<br>
/var/www/teralead/includes/main/WebUI.php::vimport::15<br>
/var/www/teralead/index.php::include_once::17<br>
Traced on 2024-05-27 05:34:13
FileAccessForInclusion - 
/var/www/teralead/include/utils/CommonUtils.php::checkFileAccessForInclusion::388<br>
/var/www/teralead/includes/Loader.php::checkFileAccessForInclusion::65<br>
/var/www/teralead/includes/Loader.php::includeOnce::191<br>
/var/www/teralead/includes/main/WebUI.php::vimport::15<br>
/var/www/teralead/index.php::include_once::17<br>
Traced on 2024-05-27 05:34:13
FileAccessForInclusion - 
/var/www/teralead/include/utils/CommonUtils.php::checkFileAccessForInclusion::388<br>
/var/www/teralead/includes/Loader.php::checkFileAccessForInclusion::65<br>
/var/www/teralead/includes/Loader.php::includeOnce::191<br>
/var/www/teralead/includes/main/WebUI.php::vimport::15<br>
/var/www/teralead/index.php::include_once::17<br>
Traced on 2024-05-27 05:34:18
FileAccessForInclusion - 
/var/www/teralead/include/utils/CommonUtils.php::checkFileAccessForInclusion::388<br>
/var/www/teralead/includes/Loader.php::checkFileAccessForInclusion::65<br>
/var/www/teralead/includes/Loader.php::includeOnce::191<br>
/var/www/teralead/includes/main/WebUI.php::vimport::15<br>
/var/www/teralead/index.php::include_once::17<br>
Traced on 2024-05-27 05:34:18
FileAccessForInclusion - 
/var/www/teralead/include/utils/CommonUtils.php::checkFileAccessForInclusion::388<br>
/var/www/teralead/includes/Loader.php::checkFileAccessForInclusion::65<br>
/var/www/teralead/includes/Loader.php::includeOnce::191<br>
/var/www/teralead/includes/main/WebUI.php::vimport::15<br>
/var/www/teralead/index.php::include_once::17<br>
Traced on 2024-05-27 05:34:19
FileAccessForInclusion - 
/var/www/teralead/include/utils/CommonUtils.php::checkFileAccessForInclusion::388<br>
/var/www/teralead/includes/Loader.php::checkFileAccessForInclusion::65<br>
/var/www/teralead/includes/Loader.php::includeOnce::191<br>
/var/www/teralead/includes/main/WebUI.php::vimport::15<br>
/var/www/teralead/index.php::include_once::17<br>
Traced on 2024-05-27 05:34:19
FileAccessForInclusion - 
/var/www/teralead/include/utils/CommonUtils.php::checkFileAccessForInclusion::388<br>
/var/www/teralead/includes/Loader.php::checkFileAccessForInclusion::65<br>
/var/www/teralead/includes/Loader.php::includeOnce::191<br>
/var/www/teralead/includes/main/WebUI.php::vimport::15<br>
/var/www/teralead/index.php::include_once::17<br>
Traced on 2024-05-27 05:34:19
FileAccessForInclusion - 
/var/www/teralead/include/utils/CommonUtils.php::checkFileAccessForInclusion::388<br>
/var/www/teralead/includes/Loader.php::checkFileAccessForInclusion::65<br>
/var/www/teralead/includes/Loader.php::includeOnce::191<br>
/var/www/teralead/includes/main/WebUI.php::vimport::15<br>
/var/www/teralead/index.php::include_once::17<br>
Traced on 2024-05-27 05:34:19
FileAccessForInclusion - 
/var/www/teralead/include/utils/CommonUtils.php::checkFileAccessForInclusion::388<br>
/var/www/teralead/includes/Loader.php::checkFileAccessForInclusion::65<br>
/var/www/teralead/includes/Loader.php::includeOnce::191<br>
/var/www/teralead/includes/main/WebUI.php::vimport::15<br>
/var/www/teralead/index.php::include_once::17<br>
Traced on 2024-05-27 05:34:20
FileAccessForInclusion - 
/var/www/teralead/include/utils/CommonUtils.php::checkFileAccessForInclusion::388<br>
/var/www/teralead/includes/Loader.php::checkFileAccessForInclusion::65<br>
/var/www/teralead/includes/Loader.php::includeOnce::191<br>
/var/www/teralead/includes/main/WebUI.php::vimport::15<br>
/var/www/teralead/index.php::include_once::17<br>
Traced on 2024-05-27 05:34:20
FileAccessForInclusion - 
/var/www/teralead/include/utils/CommonUtils.php::checkFileAccessForInclusion::388<br>
/var/www/teralead/includes/Loader.php::checkFileAccessForInclusion::65<br>
/var/www/teralead/includes/Loader.php::includeOnce::191<br>
/var/www/teralead/includes/main/WebUI.php::vimport::15<br>
/var/www/teralead/index.php::include_once::17<br>
Traced on 2024-05-27 05:34:20
FileAccessForInclusion - 
/var/www/teralead/include/utils/CommonUtils.php::checkFileAccessForInclusion::388<br>
/var/www/teralead/includes/Loader.php::checkFileAccessForInclusion::65<br>
/var/www/teralead/includes/Loader.php::includeOnce::191<br>
/var/www/teralead/includes/main/WebUI.php::vimport::15<br>
/var/www/teralead/index.php::include_once::17<br>
Traced on 2024-05-27 05:44:29
FileAccessForInclusion - 
/var/www/teralead/include/utils/CommonUtils.php::checkFileAccessForInclusion::388<br>
/var/www/teralead/includes/Loader.php::checkFileAccessForInclusion::65<br>
/var/www/teralead/includes/Loader.php::includeOnce::191<br>
/var/www/teralead/includes/main/WebUI.php::vimport::15<br>
/var/www/teralead/index.php::include_once::17<br>
Traced on 2024-05-27 05:44:29
FileAccessForInclusion - 
/var/www/teralead/include/utils/CommonUtils.php::checkFileAccessForInclusion::388<br>
/var/www/teralead/includes/Loader.php::checkFileAccessForInclusion::65<br>
/var/www/teralead/includes/Loader.php::includeOnce::191<br>
/var/www/teralead/includes/main/WebUI.php::vimport::15<br>
/var/www/teralead/index.php::include_once::17<br>
Traced on 2024-05-27 05:44:29
FileAccessForInclusion - 
/var/www/teralead/include/utils/CommonUtils.php::checkFileAccessForInclusion::388<br>
/var/www/teralead/includes/Loader.php::checkFileAccessForInclusion::65<br>
/var/www/teralead/includes/Loader.php::includeOnce::191<br>
/var/www/teralead/includes/main/WebUI.php::vimport::15<br>
/var/www/teralead/index.php::include_once::17<br>
Traced on 2024-05-27 05:44:30
FileAccessForInclusion - 
/var/www/teralead/include/utils/CommonUtils.php::checkFileAccessForInclusion::388<br>
/var/www/teralead/includes/Loader.php::checkFileAccessForInclusion::65<br>
/var/www/teralead/includes/Loader.php::includeOnce::191<br>
/var/www/teralead/includes/main/WebUI.php::vimport::15<br>
/var/www/teralead/index.php::include_once::17<br>
Traced on 2024-05-27 05:44:30
FileAccessForInclusion - 
/var/www/teralead/include/utils/CommonUtils.php::checkFileAccessForInclusion::388<br>
/var/www/teralead/includes/Loader.php::checkFileAccessForInclusion::65<br>
/var/www/teralead/includes/Loader.php::includeOnce::191<br>
/var/www/teralead/includes/main/WebUI.php::vimport::15<br>
/var/www/teralead/index.php::include_once::17<br>
Traced on 2024-05-27 05:44:30
FileAccessForInclusion - 
/var/www/teralead/include/utils/CommonUtils.php::checkFileAccessForInclusion::388<br>
/var/www/teralead/includes/Loader.php::checkFileAccessForInclusion::65<br>
/var/www/teralead/includes/Loader.php::includeOnce::191<br>
/var/www/teralead/includes/main/WebUI.php::vimport::15<br>
/var/www/teralead/index.php::include_once::17<br>
Traced on 2024-05-27 05:44:30
FileAccessForInclusion - 
/var/www/teralead/include/utils/CommonUtils.php::checkFileAccessForInclusion::388<br>
/var/www/teralead/includes/Loader.php::checkFileAccessForInclusion::65<br>
/var/www/teralead/includes/Loader.php::includeOnce::191<br>
/var/www/teralead/includes/main/WebUI.php::vimport::15<br>
/var/www/teralead/index.php::include_once::17<br>
Traced on 2024-05-27 05:44:30
FileAccessForInclusion - 
/var/www/teralead/include/utils/CommonUtils.php::checkFileAccessForInclusion::388<br>
/var/www/teralead/includes/Loader.php::checkFileAccessForInclusion::65<br>
/var/www/teralead/includes/Loader.php::includeOnce::191<br>
/var/www/teralead/includes/main/WebUI.php::vimport::15<br>
/var/www/teralead/index.php::include_once::17<br>
Traced on 2024-05-27 05:44:31
FileAccessForInclusion - 
/var/www/teralead/include/utils/CommonUtils.php::checkFileAccessForInclusion::388<br>
/var/www/teralead/includes/Loader.php::checkFileAccessForInclusion::65<br>
/var/www/teralead/includes/Loader.php::includeOnce::191<br>
/var/www/teralead/includes/main/WebUI.php::vimport::15<br>
/var/www/teralead/index.php::include_once::17<br>
Traced on 2024-05-27 05:44:31
FileAccessForInclusion - 
/var/www/teralead/include/utils/CommonUtils.php::checkFileAccessForInclusion::388<br>
/var/www/teralead/includes/Loader.php::checkFileAccessForInclusion::65<br>
/var/www/teralead/includes/Loader.php::includeOnce::191<br>
/var/www/teralead/includes/main/WebUI.php::vimport::15<br>
/var/www/teralead/index.php::include_once::17<br>
Traced on 2024-05-27 05:44:31
FileAccessForInclusion - 
/var/www/teralead/include/utils/CommonUtils.php::checkFileAccessForInclusion::388<br>
/var/www/teralead/includes/Loader.php::checkFileAccessForInclusion::65<br>
/var/www/teralead/includes/Loader.php::includeOnce::191<br>
/var/www/teralead/includes/main/WebUI.php::vimport::15<br>
/var/www/teralead/index.php::include_once::17<br>
Traced on 2024-05-27 05:44:31
FileAccessForInclusion - 
/var/www/teralead/include/utils/CommonUtils.php::checkFileAccessForInclusion::388<br>
/var/www/teralead/includes/Loader.php::checkFileAccessForInclusion::65<br>
/var/www/teralead/includes/Loader.php::includeOnce::191<br>
/var/www/teralead/includes/main/WebUI.php::vimport::15<br>
/var/www/teralead/index.php::include_once::17<br>
Traced on 2024-05-27 05:44:31
FileAccessForInclusion - 
/var/www/teralead/include/utils/CommonUtils.php::checkFileAccessForInclusion::388<br>
/var/www/teralead/includes/Loader.php::checkFileAccessForInclusion::65<br>
/var/www/teralead/includes/Loader.php::includeOnce::191<br>
/var/www/teralead/includes/main/WebUI.php::vimport::15<br>
/var/www/teralead/index.php::include_once::17<br>
Traced on 2024-05-27 05:44:32
FileAccessForInclusion - 
/var/www/teralead/include/utils/CommonUtils.php::checkFileAccessForInclusion::388<br>
/var/www/teralead/includes/Loader.php::checkFileAccessForInclusion::65<br>
/var/www/teralead/includes/Loader.php::includeOnce::191<br>
/var/www/teralead/includes/main/WebUI.php::vimport::15<br>
/var/www/teralead/index.php::include_once::17<br>
Traced on 2024-05-27 05:44:32
FileAccessForInclusion - 
/var/www/teralead/include/utils/CommonUtils.php::checkFileAccessForInclusion::388<br>
/var/www/teralead/includes/Loader.php::checkFileAccessForInclusion::65<br>
/var/www/teralead/includes/Loader.php::includeOnce::191<br>
/var/www/teralead/includes/main/WebUI.php::vimport::15<br>
/var/www/teralead/index.php::include_once::17<br>
Traced on 2024-05-27 05:44:32
FileAccessForInclusion - 
/var/www/teralead/include/utils/CommonUtils.php::checkFileAccessForInclusion::388<br>
/var/www/teralead/includes/Loader.php::checkFileAccessForInclusion::65<br>
/var/www/teralead/includes/Loader.php::includeOnce::191<br>
/var/www/teralead/includes/main/WebUI.php::vimport::15<br>
/var/www/teralead/index.php::include_once::17<br>
Traced on 2024-05-27 05:44:32
FileAccessForInclusion - 
/var/www/teralead/include/utils/CommonUtils.php::checkFileAccessForInclusion::388<br>
/var/www/teralead/includes/Loader.php::checkFileAccessForInclusion::65<br>
/var/www/teralead/includes/Loader.php::includeOnce::191<br>
/var/www/teralead/includes/main/WebUI.php::vimport::15<br>
/var/www/teralead/index.php::include_once::17<br>
Traced on 2024-05-27 05:44:32
FileAccessForInclusion - 
/var/www/teralead/include/utils/CommonUtils.php::checkFileAccessForInclusion::388<br>
/var/www/teralead/includes/Loader.php::checkFileAccessForInclusion::65<br>
/var/www/teralead/includes/Loader.php::includeOnce::191<br>
/var/www/teralead/includes/main/WebUI.php::vimport::15<br>
/var/www/teralead/index.php::include_once::17<br>
Traced on 2024-05-27 05:44:33
FileAccessForInclusion - 
/var/www/teralead/include/utils/CommonUtils.php::checkFileAccessForInclusion::388<br>
/var/www/teralead/includes/Loader.php::checkFileAccessForInclusion::65<br>
/var/www/teralead/includes/Loader.php::includeOnce::191<br>
/var/www/teralead/includes/main/WebUI.php::vimport::15<br>
/var/www/teralead/index.php::include_once::17<br>
Traced on 2024-05-27 05:45:07
FileAccessForInclusion - 
/var/www/teralead/include/utils/CommonUtils.php::checkFileAccessForInclusion::388<br>
/var/www/teralead/includes/Loader.php::checkFileAccessForInclusion::65<br>
/var/www/teralead/includes/Loader.php::includeOnce::191<br>
/var/www/teralead/includes/main/WebUI.php::vimport::15<br>
/var/www/teralead/index.php::include_once::17<br>
